<?xml version="1.0" encoding="UTF-8"?>
<testng-results ignored="0" total="1" passed="1" failed="0" skipped="0">
  <reporter-output>
  </reporter-output>
  <suite started-at="2021-02-07T05:25:59 IST" name="Suite" finished-at="2021-02-07T05:26:08 IST" duration-ms="8919">
    <groups>
    </groups>
    <test started-at="2021-02-07T05:25:59 IST" name="Test" finished-at="2021-02-07T05:26:08 IST" duration-ms="8919">
      <class name="Rest.Action.Dimen">
        <test-method signature="a1()[pri:0, instance:Rest.Action.Dimen@2bbf180e]" started-at="2021-02-07T05:25:59 IST" name="a1" finished-at="2021-02-07T05:26:08 IST" duration-ms="8865" status="PASS">
          <reporter-output>
          </reporter-output>
        </test-method> <!-- a1 -->
      </class> <!-- Rest.Action.Dimen -->
    </test> <!-- Test -->
  </suite> <!-- Suite -->
</testng-results>
