<?xml version="1.0" encoding="UTF-8"?>
<testng-results ignored="0" total="1" passed="1" failed="0" skipped="0">
  <reporter-output>
  </reporter-output>
  <suite started-at="2021-02-09T20:54:15 IST" name="Suite" finished-at="2021-02-09T20:54:22 IST" duration-ms="7318">
    <groups>
    </groups>
    <test started-at="2021-02-09T20:54:15 IST" name="Test" finished-at="2021-02-09T20:54:22 IST" duration-ms="7318">
      <class name="Rest.Action.Tab">
        <test-method signature="fgh()[pri:0, instance:Rest.Action.Tab@2bbf180e]" started-at="2021-02-09T20:54:15 IST" name="fgh" finished-at="2021-02-09T20:54:22 IST" duration-ms="7262" status="PASS">
          <reporter-output>
          </reporter-output>
        </test-method> <!-- fgh -->
      </class> <!-- Rest.Action.Tab -->
    </test> <!-- Test -->
  </suite> <!-- Suite -->
</testng-results>
